2015-11-04 21:56:55 Error: [MissingControllerException] Controller class MuieblackcatController could not be found.
Exception Attributes: array (
  'class' => 'MuieblackcatController',
  'plugin' => NULL,
)
Request URL: /muieblackcat
Stack Trace:
#0 /Users/tristanhonorowski/Documents/workspace/My Websites (2)/Extaz-CMS/app/webroot/index.php(108): Dispatcher->dispatch(Object(CakeRequest), Object(CakeResponse))
#1 {main}
2015-11-04 21:56:57 Error: [MissingControllerException] Controller class PmaController could not be found.
Exception Attributes: array (
  'class' => 'PmaController',
  'plugin' => NULL,
)
Request URL: //pma/scripts/setup.php
Stack Trace:
#0 /Users/tristanhonorowski/Documents/workspace/My Websites (2)/Extaz-CMS/app/webroot/index.php(108): Dispatcher->dispatch(Object(CakeRequest), Object(CakeResponse))
#1 {main}
2015-11-04 21:56:58 Error: [MissingControllerException] Controller class MyadminController could not be found.
Exception Attributes: array (
  'class' => 'MyadminController',
  'plugin' => NULL,
)
Request URL: //myadmin/scripts/setup.php
Stack Trace:
#0 /Users/tristanhonorowski/Documents/workspace/My Websites (2)/Extaz-CMS/app/webroot/index.php(108): Dispatcher->dispatch(Object(CakeRequest), Object(CakeResponse))
#1 {main}
2015-11-04 21:56:59 Error: [MissingControllerException] Controller class MyAdminController could not be found.
Exception Attributes: array (
  'class' => 'MyAdminController',
  'plugin' => NULL,
)
Request URL: //MyAdmin/scripts/setup.php
Stack Trace:
#0 /Users/tristanhonorowski/Documents/workspace/My Websites (2)/Extaz-CMS/app/webroot/index.php(108): Dispatcher->dispatch(Object(CakeRequest), Object(CakeResponse))
#1 {main}
2015-11-07 15:35:10 Error: [MissingControllerException] Controller class Toastr.js.mapController could not be found.
Exception Attributes: array (
  'class' => 'Toastr.js.mapController',
  'plugin' => NULL,
)
Request URL: /toastr.js.map
Stack Trace:
#0 /Users/tristanhonorowski/Documents/workspace/My Websites (2)/Extaz-CMS/app/webroot/index.php(108): Dispatcher->dispatch(Object(CakeRequest), Object(CakeResponse))
#1 {main}
2015-11-07 15:36:11 Error: [MissingTableException] Table extaz_information for model Information was not found in datasource default.
Exception Attributes: array (
  'table' => 'extaz_information',
  'class' => 'Information',
  'ds' => 'default',
)
Request URL: /admin/configuration
Stack Trace:
#0 /Users/tristanhonorowski/Documents/workspace/My Websites (2)/Extaz-CMS/lib/Cake/Model/Model.php(3566): Model->setSource('information')
#1 /Users/tristanhonorowski/Documents/workspace/My Websites (2)/Extaz-CMS/lib/Cake/Model/Model.php(1369): Model->getDataSource()
#2 /Users/tristanhonorowski/Documents/workspace/My Websites (2)/Extaz-CMS/lib/Cake/View/Helper/FormHelper.php(215): Model->schema()
#3 /Users/tristanhonorowski/Documents/workspace/My Websites (2)/Extaz-CMS/lib/Cake/View/Helper/FormHelper.php(468): FormHelper->_introspectModel('Information', 'fields')
#4 /Users/tristanhonorowski/Documents/workspace/My Websites (2)/Extaz-CMS/app/View/Informations/admin_index.ctp(173): FormHelper->create('Information', Array)
#5 /Users/tristanhonorowski/Documents/workspace/My Websites (2)/Extaz-CMS/lib/Cake/View/View.php(948): include('/Users/tristanh...')
#6 /Users/tristanhonorowski/Documents/workspace/My Websites (2)/Extaz-CMS/lib/Cake/View/View.php(910): View->_evaluate('/Users/tristanh...', Array)
#7 /Users/tristanhonorowski/Documents/workspace/My Websites (2)/Extaz-CMS/app/Plugin/TwigView/View/TwigView.php(120): View->_render('/Users/tristanh...', Array)
#8 /Users/tristanhonorowski/Documents/workspace/My Websites (2)/Extaz-CMS/lib/Cake/View/View.php(471): TwigView->_render('/Users/tristanh...')
#9 /Users/tristanhonorowski/Documents/workspace/My Websites (2)/Extaz-CMS/lib/Cake/Controller/Controller.php(954): View->render(NULL, NULL)
#10 /Users/tristanhonorowski/Documents/workspace/My Websites (2)/Extaz-CMS/lib/Cake/Routing/Dispatcher.php(198): Controller->render()
#11 /Users/tristanhonorowski/Documents/workspace/My Websites (2)/Extaz-CMS/lib/Cake/Routing/Dispatcher.php(165): Dispatcher->_invoke(Object(InformationsController), Object(CakeRequest))
#12 /Users/tristanhonorowski/Documents/workspace/My Websites (2)/Extaz-CMS/app/webroot/index.php(108): Dispatcher->dispatch(Object(CakeRequest), Object(CakeResponse))
#13 {main}
2015-11-07 15:36:12 Error: [MissingControllerException] Controller class Toastr.js.mapController could not be found.
Exception Attributes: array (
  'class' => 'Toastr.js.mapController',
  'plugin' => NULL,
)
Request URL: /toastr.js.map
Stack Trace:
#0 /Users/tristanhonorowski/Documents/workspace/My Websites (2)/Extaz-CMS/app/webroot/index.php(108): Dispatcher->dispatch(Object(CakeRequest), Object(CakeResponse))
#1 {main}
2015-11-07 15:36:12 Error: [MissingControllerException] Controller class Favicon.icoController could not be found.
Exception Attributes: array (
  'class' => 'Favicon.icoController',
  'plugin' => NULL,
)
Request URL: /favicon.ico
Stack Trace:
#0 /Users/tristanhonorowski/Documents/workspace/My Websites (2)/Extaz-CMS/app/webroot/index.php(108): Dispatcher->dispatch(Object(CakeRequest), Object(CakeResponse))
#1 {main}
2015-11-07 15:36:57 Error: Fatal Error (4): syntax error, unexpected ']' in [/Users/tristanhonorowski/Documents/workspace/My Websites (2)/Extaz-CMS/app/View/Informations/admin_index.ctp, line 201]
2015-11-07 15:36:57 Error: [FatalErrorException] syntax error, unexpected ']'
Request URL: /admin/configuration
Stack Trace:
#0 /Users/tristanhonorowski/Documents/workspace/My Websites (2)/Extaz-CMS/lib/Cake/Error/ErrorHandler.php(203): ErrorHandler::handleFatalError(4, 'syntax error, u...', '/Users/tristanh...', 201)
#1 [internal function]: ErrorHandler::handleError(4, 'syntax error, u...', '/Users/tristanh...', 201, Array)
#2 /Users/tristanhonorowski/Documents/workspace/My Websites (2)/Extaz-CMS/lib/Cake/Core/App.php(931): call_user_func('ErrorHandler::h...', 4, 'syntax error, u...', '/Users/tristanh...', 201, Array)
#3 /Users/tristanhonorowski/Documents/workspace/My Websites (2)/Extaz-CMS/lib/Cake/Core/App.php(904): App::_checkFatalError()
#4 [internal function]: App::shutdown()
#5 {main}
